Bullet.obj : error LNK2001: unresolved external symbol "__declspec(dllimport) public: static class sf::RenderStates const sf::RenderStates::Default" (__imp_?Default@RenderStates@sf@@2V12@B)
Bullet.obj : error LNK2001: unresolved external symbol "__declspec(dllimport) public: class sf::Time __cdecl sf::Clock::getElapsedTime(void)const " (__imp_?getElapsedTime@Clock@sf@@QEBA?AVTime@2@XZ)
Bullet.obj : error LNK2001: unresolved external symbol "__declspec(dllimport) public: __cdecl sf::Clock::Clock(void)" (__imp_??0Clock@sf@@QEAA@XZ)
Bullet.obj : error LNK2001: unresolved external symbol "__declspec(dllimport) public: int __cdecl sf::Time::asMilliseconds(void)const " (__imp_?asMilliseconds@Time@sf@@QEBAHXZ)
Bullet.obj : error LNK2001: unresolved external symbol "__declspec(dllimport) public: void __cdecl sf::Transformable::move(float,float)" (__imp_?move@Transformable@sf@@QEAAXMM@Z)
Bullet.obj : error LNK2001: unresolved external symbol "__declspec(dllimport) public: void __cdecl sf::Transformable::setPosition(class sf::Vector2<float> const &)" (__imp_?setPosition@Transformable@sf@@QEAAXAEBV?$Vector2@M@2@@Z)
Bullet.obj : error LNK2001: unresolved external symbol "__declspec(dllimport) class sf::Time __cdecl sf::milliseconds(int)" (__imp_?milliseconds@sf@@YA?AVTime@1@H@Z)
Bullet.obj : error LNK2001: unresolved external symbol "__declspec(dllimport) public: static class sf::Color const sf::Color::Red" (__imp_?Red@Color@sf@@2V12@B)
Bullet.obj : error LNK2001: unresolved external symbol "__declspec(dllimport) public: void __cdecl sf::RenderTarget::draw(class sf::Drawable const &,class sf::RenderStates const &)" (__imp_?draw@RenderTarget@sf@@QEAAXAEBVDrawable@2@AEBVRenderStates@2@@Z)
Bullet.obj : error LNK2001: unresolved external symbol "__declspec(dllimport) public: class sf::Rect<float> __cdecl sf::Shape::getGlobalBounds(void)const " (__imp_?getGlobalBounds@Shape@sf@@QEBA?AV?$Rect@M@2@XZ)
Bullet.obj : error LNK2001: unresolved external symbol "__declspec(dllimport) public: void __cdecl sf::Shape::setFillColor(class sf::Color const &)" (__imp_?setFillColor@Shape@sf@@QEAAXAEBVColor@2@@Z)
Bullet.obj : error LNK2001: unresolved external symbol "__declspec(dllimport) public: void __cdecl sf::RectangleShape::setSize(class sf::Vector2<float> const &)" (__imp_?setSize@RectangleShape@sf@@QEAAXAEBV?$Vector2@M@2@@Z)
Bullet.obj : error LNK2001: unresolved external symbol "__declspec(dllimport) public: __cdecl sf::RectangleShape::RectangleShape(class sf::Vector2<float> const &)" (__imp_??0RectangleShape@sf@@QEAA@AEBV?$Vector2@M@1@@Z)
Bullet.obj : error LNK2001: unresolved external symbol "__declspec(dllimport) public: class sf::Rect<float> __cdecl sf::Sprite::getGlobalBounds(void)const " (__imp_?getGlobalBounds@Sprite@sf@@QEBA?AV?$Rect@M@2@XZ)
Bullet.obj : error LNK2001: unresolved external symbol "__declspec(dllimport) public: virtual __cdecl sf::RectangleShape::~RectangleShape(void)" (__imp_??1RectangleShape@sf@@UEAA@XZ)
Character.obj : error LNK2001: unresolved external symbol "__declspec(dllimport) public: class sf::Time __cdecl sf::Clock::restart(void)" (__imp_?restart@Clock@sf@@QEAA?AVTime@2@XZ)
Character.obj : error LNK2001: unresolved external symbol "__declspec(dllimport) public: float __cdecl sf::Time::asSeconds(void)const " (__imp_?asSeconds@Time@sf@@QEBAMXZ)
Character.obj : error LNK2001: unresolved external symbol "__declspec(dllimport) public: __cdecl sf::Time::Time(void)" (__imp_??0Time@sf@@QEAA@XZ)
Character.obj : error LNK2001: unresolved external symbol "__declspec(dllimport) public: float __cdecl sf::Transformable::getRotation(void)const " (__imp_?getRotation@Transformable@sf@@QEBAMXZ)
Character.obj : error LNK2001: unresolved external symbol "__declspec(dllimport) public: class sf::Vector2<float> const & __cdecl sf::Transformable::getPosition(void)const " (__imp_?getPosition@Transformable@sf@@QEBAAEBV?$Vector2@M@2@XZ)
Character.obj : error LNK2001: unresolved external symbol "__declspec(dllimport) public: void __cdecl sf::Transformable::setOrigin(class sf::Vector2<float> const &)" (__imp_?setOrigin@Transformable@sf@@QEAAXAEBV?$Vector2@M@2@@Z)
Character.obj : error LNK2001: unresolved external symbol "__declspec(dllimport) public: void __cdecl sf::Transformable::setPosition(float,float)" (__imp_?setPosition@Transformable@sf@@QEAAXMM@Z)
Character.obj : error LNK2001: unresolved external symbol "__declspec(dllimport) class sf::Time __cdecl sf::seconds(float)" (__imp_?seconds@sf@@YA?AVTime@1@M@Z)
Character.obj : error LNK2001: unresolved external symbol "__declspec(dllimport) public: __cdecl sf::Texture::~Texture(void)" (__imp_??1Texture@sf@@QEAA@XZ)
Character.obj : error LNK2001: unresolved external symbol "__declspec(dllimport) public: __cdecl sf::Texture::Texture(void)" (__imp_??0Texture@sf@@QEAA@XZ)
Character.obj : error LNK2001: unresolved external symbol "__declspec(dllimport) public: __cdecl sf::SoundBuffer::~SoundBuffer(void)" (__imp_??1SoundBuffer@sf@@QEAA@XZ)
Character.obj : error LNK2001: unresolved external symbol "__declspec(dllimport) public: __cdecl sf::SoundBuffer::SoundBuffer(void)" (__imp_??0SoundBuffer@sf@@QEAA@XZ)
Character.obj : error LNK2001: unresolved external symbol "__declspec(dllimport) public: virtual __cdecl sf::Sound::~Sound(void)" (__imp_??1Sound@sf@@UEAA@XZ)
Character.obj : error LNK2001: unresolved external symbol "__declspec(dllimport) public: __cdecl sf::Sound::Sound(void)" (__imp_??0Sound@sf@@QEAA@XZ)
Character.obj : error LNK2001: unresolved external symbol "__declspec(dllimport) public: class sf::Vector2<float> const & __cdecl sf::RectangleShape::getSize(void)const " (__imp_?getSize@RectangleShape@sf@@QEBAAEBV?$Vector2@M@2@XZ)
Character.obj : error LNK2001: unresolved external symbol "__declspec(dllimport) public: class sf::Rect<int> const & __cdecl sf::Sprite::getTextureRect(void)const " (__imp_?getTextureRect@Sprite@sf@@QEBAAEBV?$Rect@H@2@XZ)
Character.obj : error LNK2001: unresolved external symbol "__declspec(dllimport) public: void __cdecl sf::Sprite::setTextureRect(class sf::Rect<int> const &)" (__imp_?setTextureRect@Sprite@sf@@QEAAXAEBV?$Rect@H@2@@Z)
Character.obj : error LNK2001: unresolved external symbol "__declspec(dllimport) public: void __cdecl sf::Sprite::setTexture(class sf::Texture const &,bool)" (__imp_?setTexture@Sprite@sf@@QEAAXAEBVTexture@2@_N@Z)
Character.obj : error LNK2001: unresolved external symbol "__declspec(dllimport) public: __cdecl sf::Sprite::Sprite(void)" (__imp_??0Sprite@sf@@QEAA@XZ)
Character.obj : error LNK2001: unresolved external symbol "__declspec(dllimport) public: virtual __cdecl sf::Sprite::~Sprite(void)" (__imp_??1Sprite@sf@@UEAA@XZ)
Game.obj : error LNK2001: unresolved external symbol "__declspec(dllimport) public: void __cdecl sf::SoundSource::setRelativeToListener(bool)" (__imp_?setRelativeToListener@SoundSource@sf@@QEAAX_N@Z)
Game.obj : error LNK2001: unresolved external symbol "__declspec(dllimport) public: class sf::Texture & __cdecl sf::Texture::operator=(class sf::Texture const &)" (__imp_??4Texture@sf@@QEAAAEAV01@AEBV01@@Z)
Game.obj : error LNK2001: unresolved external symbol "__declspec(dllimport) public: __cdecl sf::Texture::Texture(class sf::Texture const &)" (__imp_??0Texture@sf@@QEAA@AEBV01@@Z)
Game.obj : error LNK2001: unresolved external symbol "__declspec(dllimport) public: __cdecl sf::Font::~Font(void)" (__imp_??1Font@sf@@QEAA@XZ)
Game.obj : error LNK2001: unresolved external symbol "__declspec(dllimport) public: __cdecl sf::Font::Font(void)" (__imp_??0Font@sf@@QEAA@XZ)
Game.obj : error LNK2001: unresolved external symbol "__declspec(dllimport) protected: virtual void __cdecl sf::RenderWindow::onResize(void)" (__imp_?onResize@RenderWindow@sf@@MEAAXXZ)
Game.obj : error LNK2001: unresolved external symbol "__declspec(dllimport) protected: virtual void __cdecl sf::RenderWindow::onCreate(void)" (__imp_?onCreate@RenderWindow@sf@@MEAAXXZ)
Game.obj : error LNK2001: unresolved external symbol "__declspec(dllimport) public: virtual bool __cdecl sf::RenderWindow::setActive(bool)" (__imp_?setActive@RenderWindow@sf@@UEAA_N_N@Z)
Game.obj : error LNK2001: unresolved external symbol "__declspec(dllimport) public: virtual bool __cdecl sf::RenderWindow::isSrgb(void)const " (__imp_?isSrgb@RenderWindow@sf@@UEBA_NXZ)
Game.obj : error LNK2001: unresolved external symbol "__declspec(dllimport) public: virtual class sf::Vector2<unsigned int> __cdecl sf::RenderWindow::getSize(void)const " (__imp_?getSize@RenderWindow@sf@@UEBA?AV?$Vector2@I@2@XZ)
Game.obj : error LNK2001: unresolved external symbol "__declspec(dllimport) public: virtual __cdecl sf::RenderWindow::~RenderWindow(void)" (__imp_??1RenderWindow@sf@@UEAA@XZ)
Game.obj : error LNK2001: unresolved external symbol "__declspec(dllimport) public: __cdecl sf::RenderWindow::RenderWindow(class sf::VideoMode,class sf::String const &,unsigned int,struct sf::ContextSettings const &)" (__imp_??0RenderWindow@sf@@QEAA@VVideoMode@1@AEBVString@1@IAEBUContextSettings@1@@Z)
Game.obj : error LNK2001: unresolved external symbol "__declspec(dllimport) public: __cdecl sf::Color::Color(unsigned char,unsigned char,unsigned char,unsigned char)" (__imp_??0Color@sf@@QEAA@EEEE@Z)
Game.obj : error LNK2001: unresolved external symbol "__declspec(dllimport) public: class sf::SoundBuffer & __cdecl sf::SoundBuffer::operator=(class sf::SoundBuffer const &)" (__imp_??4SoundBuffer@sf@@QEAAAEAV01@AEBV01@@Z)
Game.obj : error LNK2001: unresolved external symbol "__declspec(dllimport) public: __cdecl sf::SoundBuffer::SoundBuffer(class sf::SoundBuffer const &)" (__imp_??0SoundBuffer@sf@@QEAA@AEBV01@@Z)
Game.obj : error LNK2001: unresolved external symbol "__declspec(dllimport) public: class sf::Sound & __cdecl sf::Sound::operator=(class sf::Sound const &)" (__imp_??4Sound@sf@@QEAAAEAV01@AEBV01@@Z)
Game.obj : error LNK2001: unresolved external symbol "__declspec(dllimport) public: __cdecl sf::Sound::Sound(class sf::Sound const &)" (__imp_??0Sound@sf@@QEAA@AEBV01@@Z)
Game.obj : error LNK2001: unresolved external symbol "__declspec(dllimport) public: void __cdecl sf::Window::display(void)" (__imp_?display@Window@sf@@QEAAXXZ)
Game.obj : error LNK2001: unresolved external symbol "__declspec(dllimport) public: void __cdecl sf::Window::setFramerateLimit(unsigned int)" (__imp_?setFramerateLimit@Window@sf@@QEAAXI@Z)
Game.obj : error LNK2001: unresolved external symbol "__declspec(dllimport) public: virtual void __cdecl sf::Window::close(void)" (__imp_?close@Window@sf@@UEAAXXZ)
Game.obj : error LNK2001: unresolved external symbol "__declspec(dllimport) public: virtual void __cdecl sf::Window::create(class sf::VideoMode,class sf::String const &,unsigned int)" (__imp_?create@Window@sf@@UEAAXVVideoMode@2@AEBVString@2@I@Z)
Game.obj : error LNK2001: unresolved external symbol "__declspec(dllimport) public: virtual void __cdecl sf::Window::create(class sf::VideoMode,class sf::String const &,unsigned int,struct sf::ContextSettings const &)" (__imp_?create@Window@sf@@UEAAXVVideoMode@2@AEBVString@2@IAEBUContextSettings@2@@Z)
Game.obj : error LNK2001: unresolved external symbol "__declspec(dllimport) public: virtual void __cdecl sf::Window::create(struct HWND__ *)" (__imp_?create@Window@sf@@UEAAXPEAUHWND__@@@Z)
Game.obj : error LNK2001: unresolved external symbol "__declspec(dllimport) public: virtual void __cdecl sf::Window::create(struct HWND__ *,struct sf::ContextSettings const &)" (__imp_?create@Window@sf@@UEAAXPEAUHWND__@@AEBUContextSettings@2@@Z)
Game.obj : error LNK2001: unresolved external symbol "__declspec(dllimport) public: bool __cdecl sf::WindowBase::pollEvent(class sf::Event &)" (__imp_?pollEvent@WindowBase@sf@@QEAA_NAEAVEvent@2@@Z)
Game.obj : error LNK2001: unresolved external symbol "__declspec(dllimport) public: bool __cdecl sf::WindowBase::isOpen(void)const " (__imp_?isOpen@WindowBase@sf@@QEBA_NXZ)
Game.obj : error LNK2001: unresolved external symbol "__declspec(dllimport) public: static class sf::Color const sf::Color::Green" (__imp_?Green@Color@sf@@2V12@B)
Game.obj : error LNK2001: unresolved external symbol "__declspec(dllimport) public: void __cdecl sf::RenderTarget::clear(class sf::Color const &)" (__imp_?clear@RenderTarget@sf@@QEAAXAEBVColor@2@@Z)
Game.obj : error LNK2001: unresolved external symbol "__declspec(dllimport) public: static bool __cdecl sf::Keyboard::isKeyPressed(enum sf::Keyboard::Key)" (__imp_?isKeyPressed@Keyboard@sf@@SA_NW4Key@12@@Z)
Game.obj : error LNK2001: unresolved external symbol "__declspec(dllimport) public: __cdecl sf::String::String(char const *,class std::locale const &)" (__imp_??0String@sf@@QEAA@PEBDAEBVlocale@std@@@Z)
Game.obj : error LNK2001: unresolved external symbol "__declspec(dllimport) public: __cdecl sf::String::String(class std::basic_string<char,struct std::char_traits<char>,class std::allocator<char> > const &,class std::locale const &)" (__imp_??0String@sf@@QEAA@AEBV?$basic_string@DU?$char_traits@D@std@@V?$allocator@D@2@@std@@AEBVlocale@3@@Z)
Game.obj : error LNK2001: unresolved external symbol "__declspec(dllimport) public: __cdecl sf::VideoMode::VideoMode(unsigned int,unsigned int,unsigned int)" (__imp_??0VideoMode@sf@@QEAA@III@Z)
Game.obj : error LNK2001: unresolved external symbol "__declspec(dllimport) public: virtual __cdecl sf::Music::~Music(void)" (__imp_??1Music@sf@@UEAA@XZ)
Game.obj : error LNK2001: unresolved external symbol "__declspec(dllimport) public: __cdecl sf::Music::Music(void)" (__imp_??0Music@sf@@QEAA@XZ)
Game.obj : error LNK2001: unresolved external symbol "__declspec(dllimport) public: unsigned int __cdecl sf::Text::getCharacterSize(void)const " (__imp_?getCharacterSize@Text@sf@@QEBAIXZ)
Game.obj : error LNK2001: unresolved external symbol "__declspec(dllimport) public: void __cdecl sf::Text::setCharacterSize(unsigned int)" (__imp_?setCharacterSize@Text@sf@@QEAAXI@Z)
Game.obj : error LNK2001: unresolved external symbol "__declspec(dllimport) public: void __cdecl sf::Text::setString(class sf::String const &)" (__imp_?setString@Text@sf@@QEAAXAEBVString@2@@Z)
Game.obj : error LNK2001: unresolved external symbol "__declspec(dllimport) public: __cdecl sf::Text::Text(void)" (__imp_??0Text@sf@@QEAA@XZ)
Game.obj : error LNK2001: unresolved external symbol "__declspec(dllimport) public: void __cdecl sf::SoundStream::setLoop(bool)" (__imp_?setLoop@SoundStream@sf@@QEAAX_N@Z)
Game.obj : error LNK2001: unresolved external symbol "__declspec(dllimport) public: __cdecl sf::RectangleShape::RectangleShape(class sf::RectangleShape &&)" (__imp_??0RectangleShape@sf@@QEAA@$$QEAV01@@Z)
Game.obj : error LNK2001: unresolved external symbol "__declspec(dllimport) public: __cdecl sf::Sprite::Sprite(class sf::Sprite &&)" (__imp_??0Sprite@sf@@QEAA@$$QEAV01@@Z)
Game.obj : error LNK2001: unresolved external symbol "__declspec(dllimport) public: class sf::Sprite & __cdecl sf::Sprite::operator=(class sf::Sprite &&)" (__imp_??4Sprite@sf@@QEAAAEAV01@$$QEAV01@@Z)
Game.obj : error LNK2001: unresolved external symbol "__declspec(dllimport) public: class sf::RectangleShape & __cdecl sf::RectangleShape::operator=(class sf::RectangleShape &&)" (__imp_??4RectangleShape@sf@@QEAAAEAV01@$$QEAV01@@Z)
Game.obj : error LNK2001: unresolved external symbol "__declspec(dllimport) public: virtual __cdecl sf::Text::~Text(void)" (__imp_??1Text@sf@@UEAA@XZ)
Game.obj : error LNK2001: unresolved external symbol "__declspec(dllimport) public: __cdecl sf::RectangleShape::RectangleShape(class sf::RectangleShape const &)" (__imp_??0RectangleShape@sf@@QEAA@AEBV01@@Z)
Game.obj : error LNK2001: unresolved external symbol "__declspec(dllimport) public: __cdecl sf::Sprite::Sprite(class sf::Sprite const &)" (__imp_??0Sprite@sf@@QEAA@AEBV01@@Z)
Game.obj : error LNK2001: unresolved external symbol "__declspec(dllimport) public: __cdecl sf::String::~String(void)" (__imp_??1String@sf@@QEAA@XZ)
Misc.obj : error LNK2001: unresolved external symbol "__declspec(dllimport) public: void __cdecl sf::SoundSource::setVolume(float)" (__imp_?setVolume@SoundSource@sf@@QEAAXM@Z)
Misc.obj : error LNK2001: unresolved external symbol "__declspec(dllimport) public: bool __cdecl sf::Texture::loadFromFile(class std::basic_string<char,struct std::char_traits<char>,class std::allocator<char> > const &,class sf::Rect<int> const &)" (__imp_?loadFromFile@Texture@sf@@QEAA_NAEBV?$basic_string@DU?$char_traits@D@std@@V?$allocator@D@2@@std@@AEBV?$Rect@H@2@@Z)
Misc.obj : error LNK2001: unresolved external symbol "__declspec(dllimport) public: bool __cdecl sf::Font::loadFromFile(class std::basic_string<char,struct std::char_traits<char>,class std::allocator<char> > const &)" (__imp_?loadFromFile@Font@sf@@QEAA_NAEBV?$basic_string@DU?$char_traits@D@std@@V?$allocator@D@2@@std@@@Z)
Misc.obj : error LNK2001: unresolved external symbol "__declspec(dllimport) public: bool __cdecl sf::SoundBuffer::loadFromFile(class std::basic_string<char,struct std::char_traits<char>,class std::allocator<char> > const &)" (__imp_?loadFromFile@SoundBuffer@sf@@QEAA_NAEBV?$basic_string@DU?$char_traits@D@std@@V?$allocator@D@2@@std@@@Z)
Misc.obj : error LNK2001: unresolved external symbol "__declspec(dllimport) public: void __cdecl sf::Sound::setBuffer(class sf::SoundBuffer const &)" (__imp_?setBuffer@Sound@sf@@QEAAXAEBVSoundBuffer@2@@Z)
Misc.obj : error LNK2001: unresolved external symbol "__declspec(dllimport) public: bool __cdecl sf::Music::openFromFile(class std::basic_string<char,struct std::char_traits<char>,class std::allocator<char> > const &)" (__imp_?openFromFile@Music@sf@@QEAA_NAEBV?$basic_string@DU?$char_traits@D@std@@V?$allocator@D@2@@std@@@Z)
Misc.obj : error LNK2001: unresolved external symbol "__declspec(dllimport) public: void __cdecl sf::Text::setFont(class sf::Font const &)" (__imp_?setFont@Text@sf@@QEAAXAEBVFont@2@@Z)
Ship.obj : error LNK2001: unresolved external symbol "__declspec(dllimport) public: void __cdecl sf::Transformable::setRotation(float)" (__imp_?setRotation@Transformable@sf@@QEAAXM@Z)
Ship.obj : error LNK2001: unresolved external symbol "__declspec(dllimport) private: virtual void __cdecl sf::Sprite::draw(class sf::RenderTarget &,class sf::RenderStates)const " (__imp_?draw@Sprite@sf@@EEBAXAEAVRenderTarget@2@VRenderStates@2@@Z)
C:\Users\terra\source\repos\SFMLPractice\x64\Release\SFMLPractice.exe : fatal error LNK1120: 91 unresolved externals
