c:\users\terra\source\repos\sfmlpractice\debug\vc143.pdb
c:\users\terra\source\repos\sfmlpractice\debug\vc143.idb
c:\users\terra\source\repos\sfmlpractice\debug\misc.obj
c:\users\terra\source\repos\sfmlpractice\debug\ship.obj
c:\users\terra\source\repos\sfmlpractice\debug\character.obj
c:\users\terra\source\repos\sfmlpractice\debug\bullet.obj
c:\users\terra\source\repos\sfmlpractice\debug\practice3.obj
c:\users\terra\source\repos\sfmlpractice\debug\sfmlpractice.exe
c:\users\terra\source\repos\sfmlpractice\debug\sfmlpractice.ilk
c:\users\terra\source\repos\sfmlpractice\debug\sfmlpractice.pdb
c:\users\terra\source\repos\sfmlpractice\debug\header.obj
c:\users\terra\source\repos\sfmlpractice\debug\testing.obj
c:\users\terra\source\repos\sfmlpractice\debug\header.obj.enc
c:\users\terra\source\repos\sfmlpractice\debug\practice3.obj.enc
c:\users\terra\source\repos\sfmlpractice\debug\sfmlpractice.tlog\cl.command.1.tlog
c:\users\terra\source\repos\sfmlpractice\debug\sfmlpractice.tlog\cl.items.tlog
c:\users\terra\source\repos\sfmlpractice\debug\sfmlpractice.tlog\cl.read.1.tlog
c:\users\terra\source\repos\sfmlpractice\debug\sfmlpractice.tlog\cl.write.1.tlog
c:\users\terra\source\repos\sfmlpractice\debug\sfmlpractice.tlog\link.command.1.tlog
c:\users\terra\source\repos\sfmlpractice\debug\sfmlpractice.tlog\link.read.1.tlog
c:\users\terra\source\repos\sfmlpractice\debug\sfmlpractice.tlog\link.write.1.tlog
