  Game.cpp
C:\Users\terra\source\repos\SFMLPractice\Game.cpp(170,24): warning C4018: '<': signed/unsigned mismatch
C:\Users\terra\source\repos\SFMLPractice\Game.cpp(203,23): warning C4018: '<': signed/unsigned mismatch
C:\Users\terra\source\repos\SFMLPractice\Game.cpp(260,23): warning C4018: '<': signed/unsigned mismatch
C:\Users\terra\source\repos\SFMLPractice\Game.cpp(337,19): warning C4244: '=': conversion from 'T' to 'float', possible loss of data
C:\Users\terra\source\repos\SFMLPractice\Game.cpp(337,19): warning C4244:         with
C:\Users\terra\source\repos\SFMLPractice\Game.cpp(337,19): warning C4244:         [
C:\Users\terra\source\repos\SFMLPractice\Game.cpp(337,19): warning C4244:             T=unsigned int
C:\Users\terra\source\repos\SFMLPractice\Game.cpp(337,19): warning C4244:         ]
C:\Users\terra\source\repos\SFMLPractice\Game.cpp(368,23): warning C4018: '<': signed/unsigned mismatch
C:\Users\terra\source\repos\SFMLPractice\Game.cpp(483,23): warning C4018: '<': signed/unsigned mismatch
C:\Users\terra\source\repos\SFMLPractice\Game.cpp(559,23): warning C4018: '<': signed/unsigned mismatch
C:\Users\terra\source\repos\SFMLPractice\Game.cpp(577,23): warning C4018: '<': signed/unsigned mismatch
C:\Users\terra\source\repos\SFMLPractice\Game.cpp(593,23): warning C4018: '<': signed/unsigned mismatch
C:\Users\terra\source\repos\SFMLPractice\Game.cpp(615,23): warning C4018: '<': signed/unsigned mismatch
C:\Users\terra\source\repos\SFMLPractice\Game.cpp(635,24): warning C4018: '<': signed/unsigned mismatch
  Main.cpp
  Generating code
  Finished generating code
  SFMLPractice.vcxproj -> C:\Users\terra\source\repos\SFMLPractice\Release\SFMLPractice.exe
