c:\users\terra\source\repos\sfmlpractice\release\vc143.pdb
c:\users\terra\source\repos\sfmlpractice\release\ship.obj
c:\users\terra\source\repos\sfmlpractice\release\misc.obj
c:\users\terra\source\repos\sfmlpractice\release\game.obj
c:\users\terra\source\repos\sfmlpractice\release\character.obj
c:\users\terra\source\repos\sfmlpractice\release\bullet.obj
c:\users\terra\source\repos\sfmlpractice\release\charactercontainer.obj
c:\users\terra\source\repos\sfmlpractice\release\main.obj
c:\users\terra\source\repos\sfmlpractice\release\sfmlpractice.iobj
c:\users\terra\source\repos\sfmlpractice\release\sfmlpractice.exe
c:\users\terra\source\repos\sfmlpractice\release\sfmlpractice.pdb
c:\users\terra\source\repos\sfmlpractice\release\testing.obj
c:\users\terra\source\repos\sfmlpractice\release\sfmlpractice.tlog\cl.command.1.tlog
c:\users\terra\source\repos\sfmlpractice\release\sfmlpractice.tlog\cl.items.tlog
c:\users\terra\source\repos\sfmlpractice\release\sfmlpractice.tlog\cl.read.1.tlog
c:\users\terra\source\repos\sfmlpractice\release\sfmlpractice.tlog\cl.write.1.tlog
c:\users\terra\source\repos\sfmlpractice\release\sfmlpractice.tlog\link.command.1.tlog
c:\users\terra\source\repos\sfmlpractice\release\sfmlpractice.tlog\link.read.1.tlog
c:\users\terra\source\repos\sfmlpractice\release\sfmlpractice.tlog\link.write.1.tlog
c:\users\terra\source\repos\sfmlpractice\release\sfmlpractice.tlog\link.write.2u.tlog
